


ARM Macro Assembler    Page 1 


    1 00000000         ;/******************************************************
                       *****************
    2 00000000         ; * $Id: startup_LPC18xx.s 6473 2011-02-16 17:40:54Z nxp
                       27266 $
    3 00000000         ; *
    4 00000000         ; * Project: LPC18xx CMSIS Package
    5 00000000         ; *
    6 00000000         ; * Description: Cortex-M3 Core Device Startup File for 
                       the NXP LPC18xx 
    7 00000000         ; *              Device Series.
    8 00000000         ; *
    9 00000000         ; * Copyright(C) 2011, NXP Semiconductor
   10 00000000         ; * All rights reserved.
   11 00000000         ; *
   12 00000000         ; ******************************************************
                       *****************
   13 00000000         ; * Software that is described herein is for illustrativ
                       e purposes only
   14 00000000         ; * which provides customers with programming informatio
                       n regarding the
   15 00000000         ; * products. This software is supplied "AS IS" without 
                       any warranties.
   16 00000000         ; * NXP Semiconductors assumes no responsibility or liab
                       ility for the
   17 00000000         ; * use of the software, conveys no license or title und
                       er any patent,
   18 00000000         ; * copyright, or mask work right to the product. NXP Se
                       miconductors
   19 00000000         ; * reserves the right to make changes in the software w
                       ithout
   20 00000000         ; * notification. NXP Semiconductors also make no repres
                       entation or
   21 00000000         ; * warranty that such application will be suitable for 
                       the specified
   22 00000000         ; * use without further testing or modification.
   23 00000000         ; ******************************************************
                       ****************/
   24 00000000         
   25 00000000         ; <h> Stack Configuration
   26 00000000         ;   <o> Stack Size (in Bytes) <0x0-0xFFFFFFFF:8>
   27 00000000         ; </h>
   28 00000000         
   29 00000000 00000200 
                       Stack_Size
                               EQU              0x00000200
   30 00000000         
   31 00000000                 AREA             STACK, NOINIT, READWRITE, ALIGN
=3
   32 00000000         Stack_Mem
                               SPACE            Stack_Size
   33 00000200         __initial_sp
   34 00000200         
   35 00000200         ; <h> Heap Configuration
   36 00000200         ;   <o>  Heap Size (in Bytes) <0x0-0xFFFFFFFF:8>
   37 00000200         ; </h>
   38 00000200         
   39 00000200 00000000 
                       Heap_Size
                               EQU              0x00000000



ARM Macro Assembler    Page 2 


   40 00000200         
   41 00000200                 AREA             HEAP, NOINIT, READWRITE, ALIGN=
3
   42 00000000         __heap_base
   43 00000000         Heap_Mem
                               SPACE            Heap_Size
   44 00000000         __heap_limit
   45 00000000         
   46 00000000                 PRESERVE8
   47 00000000                 THUMB
   48 00000000         
   49 00000000         ; Vector Table Mapped to Address 0 at Reset
   50 00000000         
   51 00000000                 AREA             RESET, DATA, READONLY
   52 00000000                 EXPORT           __Vectors
   53 00000000         
   54 00000000 5A5A5A5A 
                       Sign_Value
                               EQU              0x5A5A5A5A
   55 00000000         
   56 00000000 00000000 
                       __Vectors
                               DCD              __initial_sp ; 0 Top of Stack
   57 00000004 00000000        DCD              M0_Reset_Handler 
                                                            ; 1 Reset Handler
   58 00000008 00000000        DCD              M0_NMI_Handler ; 2 NMI Handler
   59 0000000C 00000000        DCD              M0_HardFault_Handler ; 3 Hard F
                                                            ault Handler
   60 00000010 00000000        DCD              0           ; 4 Reserved
   61 00000014 00000000        DCD              0           ; 5 Reserved
   62 00000018 00000000        DCD              0           ; 6 Reserved
   63 0000001C 00000000        DCD              0           ; 7 Reserved
   64 00000020 00000000        DCD              0           ; 8 Reserved
   65 00000024 00000000        DCD              0           ; 9 Reserved
   66 00000028 00000000        DCD              0           ; 10 Reserved
   67 0000002C 00000000        DCD              M0_SVC_Handler 
                                                            ; 11 SVCall Handler
                                                            
   68 00000030 00000000        DCD              M0_DebugMon_Handler ; 12 Debug 
                                                            Monitor Handler
   69 00000034 00000000        DCD              0           ; 13 Reserved
   70 00000038 00000000        DCD              M0_PendSV_Handler 
                                                            ; 14 PendSV Handler
                                                            
   71 0000003C 00000000        DCD              M0_SysTick_Handler ; 15 SysTick
                                                             Handler
   72 00000040         
   73 00000040         ; External Interrupts    
   74 00000040 00000000        DCD              M0_RTC_IRQHandler ; 16 RTC
   75 00000044 00000000        DCD              M0_M4CORE_IRQHandler 
                                                            ; 17 M4 Core
   76 00000048 00000000        DCD              M0_DMA_IRQHandler ; 18 General 
                                                            Purpose DMA
   77 0000004C 00000000        DCD              0           ; 19 Reserved
   78 00000050 00000000        DCD              0           ; 20 Reserved
   79 00000054 00000000        DCD              M0_ETH_IRQHandler ; 21 Ethernet
                                                            
   80 00000058 00000000        DCD              M0_SDIO_IRQHandler ; 22 SD/MMC
   81 0000005C 00000000        DCD              M0_LCD_IRQHandler ; 23 LCD



ARM Macro Assembler    Page 3 


   82 00000060 00000000        DCD              M0_USB0_IRQHandler ; 24 USB0
   83 00000064 00000000        DCD              M0_USB1_IRQHandler ; 25 USB1
   84 00000068 00000000        DCD              M0_SCT_IRQHandler ; 26 State Co
                                                            nfigurable Timer
   85 0000006C 00000000        DCD              M0_RIT_OR_WWDT_IRQHandler ; 27 
                                                            Repetitive Interrup
                                                            t Timer
   86 00000070 00000000        DCD              M0_TIMER0_IRQHandler 
                                                            ; 28 Timer0
   87 00000074 00000000        DCD              M0_GINT1_IRQHandler ; 29 GINT1
   88 00000078 00000000        DCD              M0_TIMER3_IRQHandler 
                                                            ; 30 Timer3
   89 0000007C 00000000        DCD              0           ; 31 Reserved
   90 00000080 00000000        DCD              0           ; 32 Reserved
   91 00000084 00000000        DCD              M0_MCPWM_IRQHandler ; 33 Motor 
                                                            Control PWM
   92 00000088 00000000        DCD              M0_ADC0_IRQHandler ; 34 ADC0
   93 0000008C 00000000        DCD              M0_I2C0_OR_I2C1_IRQHandler 
                                                            ; 35 I2C0 or I2C1
   94 00000090 00000000        DCD              M0_SGPIO_IRQHandler 
                                                            ; 36 Serial GPIO
   95 00000094 00000000        DCD              M0_SPI_OR_DAC_IRQHandler 
                                                            ; 37 SPI or DAC
   96 00000098 00000000        DCD              M0_ADC1_IRQHandler ; 38 ADC1
   97 0000009C 00000000        DCD              M0_SSP0_OR_SSP1_IRQHandler 
                                                            ; 39 SSP0 or SSP1
   98 000000A0 00000000        DCD              M0_EVENTROUTER_IRQHandler 
                                                            ; 40 Event Router
   99 000000A4 00000000        DCD              M0_USART0_IRQHandler 
                                                            ; 41 USART0
  100 000000A8 00000000        DCD              M0_USART2_OR_C_CAN1_IRQHandler 
                                                            ; 42 USART2 or C CA
                                                            N1
  101 000000AC 00000000        DCD              M0_USART3_IRQHandler 
                                                            ; 43 USART3
  102 000000B0 00000000        DCD              M0_I2S0_OR_I2S1_OR_QEI_IRQHandl
er 
                                                            ; 44 I2S0 or I2S1 o
                                                            r QEI
  103 000000B4 00000000        DCD              M0_C_CAN0_IRQHandler 
                                                            ; 45 C CAN0
  104 000000B8         
  105 000000B8         ;                IF      :LNOT::DEF:NO_CRP
  106 000000B8         ;                AREA    |.ARM.__at_0x02FC|, CODE, READO
                       NLY
  107 000000B8         ;CRP_Key         DCD     0xFFFFFFFF
  108 000000B8         ;                ENDIF
  109 000000B8         
  110 000000B8                 AREA             |.text|, CODE, READONLY
  111 00000000         
  112 00000000         ; Reset Handler
  113 00000000         
  114 00000000         M0_Reset_Handler
                               PROC
  115 00000000                 EXPORT           M0_Reset_Handler             [W
EAK]
  116 00000000                 IMPORT           __main
  117 00000000 4804            LDR              R0, =__main
  118 00000002 4700            BX               R0



ARM Macro Assembler    Page 4 


  119 00000004                 ENDP
  120 00000004         
  121 00000004         ; Dummy Exception Handlers (infinite loops which can be 
                       modified)                
  122 00000004         
  123 00000004         M0_NMI_Handler
                               PROC
  124 00000004                 EXPORT           M0_NMI_Handler               [W
EAK]
  125 00000004 E7FE            B                .
  126 00000006                 ENDP
  128 00000006         M0_HardFault_Handler
                               PROC
  129 00000006                 EXPORT           M0_HardFault_Handler         [W
EAK]
  130 00000006 E7FE            B                .
  131 00000008                 ENDP
  132 00000008         M0_SVC_Handler
                               PROC
  133 00000008                 EXPORT           M0_SVC_Handler               [W
EAK]
  134 00000008 E7FE            B                .
  135 0000000A                 ENDP
  137 0000000A         M0_DebugMon_Handler
                               PROC
  138 0000000A                 EXPORT           M0_DebugMon_Handler          [W
EAK]
  139 0000000A E7FE            B                .
  140 0000000C                 ENDP
  141 0000000C         M0_PendSV_Handler
                               PROC
  142 0000000C                 EXPORT           M0_PendSV_Handler            [W
EAK]
  143 0000000C E7FE            B                .
  144 0000000E                 ENDP
  145 0000000E         M0_SysTick_Handler
                               PROC
  146 0000000E                 EXPORT           M0_SysTick_Handler           [W
EAK]
  147 0000000E E7FE            B                .
  148 00000010                 ENDP
  149 00000010         
  150 00000010         M0_Default_Handler
                               PROC
  151 00000010         
  152 00000010                 EXPORT           M0_RTC_IRQHandler   [WEAK]
  153 00000010                 EXPORT           M0_M4CORE_IRQHandler   [WEAK]
  154 00000010                 EXPORT           M0_DMA_IRQHandler   [WEAK]
  155 00000010                 EXPORT           M0_ETH_IRQHandler   [WEAK]
  156 00000010                 EXPORT           M0_SDIO_IRQHandler   [WEAK]
  157 00000010                 EXPORT           M0_LCD_IRQHandler   [WEAK]
  158 00000010                 EXPORT           M0_USB0_IRQHandler   [WEAK]
  159 00000010                 EXPORT           M0_USB1_IRQHandler   [WEAK]
  160 00000010                 EXPORT           M0_SCT_IRQHandler   [WEAK]
  161 00000010                 EXPORT           M0_RIT_OR_WWDT_IRQHandler    [W
EAK]
  162 00000010                 EXPORT           M0_TIMER0_IRQHandler   [WEAK]
  163 00000010                 EXPORT           M0_GINT1_IRQHandler   [WEAK]
  164 00000010                 EXPORT           M0_TIMER3_IRQHandler   [WEAK]



ARM Macro Assembler    Page 5 


  165 00000010                 EXPORT           M0_MCPWM_IRQHandler   [WEAK]
  166 00000010                 EXPORT           M0_ADC0_IRQHandler   [WEAK]
  167 00000010                 EXPORT           M0_I2C0_OR_I2C1_IRQHandler [WEA
K]
  168 00000010                 EXPORT           M0_SGPIO_IRQHandler   [WEAK]
  169 00000010                 EXPORT           M0_SPI_OR_DAC_IRQHandler  [WEAK
]
  170 00000010                 EXPORT           M0_ADC1_IRQHandler   [WEAK]
  171 00000010                 EXPORT           M0_SSP0_OR_SSP1_IRQHandler [WEA
K]
  172 00000010                 EXPORT           M0_EVENTROUTER_IRQHandler [WEAK
]
  173 00000010                 EXPORT           M0_USART0_IRQHandler   [WEAK]
  174 00000010                 EXPORT           M0_USART2_OR_C_CAN1_IRQHandler 
[WEAK]
  175 00000010                 EXPORT           M0_USART3_IRQHandler   [WEAK]
  176 00000010                 EXPORT           M0_I2S0_OR_I2S1_OR_QEI_IRQHandl
er [WEAK]
  177 00000010                 EXPORT           M0_C_CAN0_IRQHandler   [WEAK]
  178 00000010         
  179 00000010         
  180 00000010         M0_RTC_IRQHandler
  181 00000010         M0_M4CORE_IRQHandler
  182 00000010         M0_DMA_IRQHandler
  183 00000010         M0_ETH_IRQHandler
  184 00000010         M0_SDIO_IRQHandler
  185 00000010         M0_LCD_IRQHandler
  186 00000010         M0_USB0_IRQHandler
  187 00000010         M0_USB1_IRQHandler
  188 00000010         M0_SCT_IRQHandler
  189 00000010         M0_RIT_OR_WWDT_IRQHandler
  190 00000010         M0_TIMER0_IRQHandler
  191 00000010         M0_GINT1_IRQHandler
  192 00000010         M0_TIMER3_IRQHandler
  193 00000010         M0_MCPWM_IRQHandler
  194 00000010         M0_ADC0_IRQHandler
  195 00000010         M0_I2C0_OR_I2C1_IRQHandler
  196 00000010         M0_SGPIO_IRQHandler
  197 00000010         M0_SPI_OR_DAC_IRQHandler
  198 00000010         M0_ADC1_IRQHandler
  199 00000010         M0_SSP0_OR_SSP1_IRQHandler
  200 00000010         M0_EVENTROUTER_IRQHandler
  201 00000010         M0_USART0_IRQHandler
  202 00000010         M0_USART2_OR_C_CAN1_IRQHandler
  203 00000010         M0_USART3_IRQHandler
  204 00000010         M0_I2S0_OR_I2S1_OR_QEI_IRQHandler
  205 00000010         M0_C_CAN0_IRQHandler
  206 00000010         
  207 00000010 E7FE            B                .
  208 00000012         
  209 00000012                 ENDP
  210 00000012         
  211 00000012 00 00           ALIGN
  212 00000014         
  213 00000014         ; User Initial Stack & Heap
  214 00000014         
  215 00000014                 IF               :DEF:__MICROLIB
  216 00000014         
  217 00000014                 EXPORT           __initial_sp



ARM Macro Assembler    Page 6 


  218 00000014                 EXPORT           __heap_base
  219 00000014                 EXPORT           __heap_limit
  220 00000014         
  221 00000014                 ELSE
  235                          ENDIF
  236 00000014         
  237 00000014 00000000        AREA             |.text|,CODE, READONLY
  238 00000018         getPC   PROC
  239 00000018                 EXPORT           getPC
  240 00000018         
  241 00000018 4670            MOV              R0,LR
  242 0000001A 4770            BX               LR
  243 0000001C         
  244 0000001C                 ENDP
  245 0000001C         
  246 0000001C                 END
Command Line: --debug --xref --cpu=Cortex-M0 --apcs=interwork --depend=".\Inter
nal SRAM\startup_LPC43xx_M0.d" -o".\Internal SRAM\startup_LPC43xx_M0.o" -IC:\Ke
il\ARM\RV31\Inc -IC:\Keil\ARM\CMSIS\Include -IC:\Keil\ARM\Inc\ARM\ --predefine=
"__EVAL SETA 1" --predefine="__MICROLIB SETA 1" --predefine="NO_CRP SETA 1" --l
ist=.\Internal SRAM\startup_LPC43xx_M0.lst ..\..\..\..\Core\Device\NXP\LPC43xx\
Source\Templates\ARM\startup_LPC43xx_M0.s



ARM Macro Assembler    Page 1 Alphabetic symbol ordering
Relocatable symbols

STACK 00000000

Symbol: STACK
   Definitions
      At line 31 in file ..\..\..\..\Core\Device\NXP\LPC43xx\Source\Templates\A
RM\startup_LPC43xx_M0.s
   Uses
      None
Comment: STACK unused
Stack_Mem 00000000

Symbol: Stack_Mem
   Definitions
      At line 32 in file ..\..\..\..\Core\Device\NXP\LPC43xx\Source\Templates\A
RM\startup_LPC43xx_M0.s
   Uses
      None
Comment: Stack_Mem unused
__initial_sp 00000200

Symbol: __initial_sp
   Definitions
      At line 33 in file ..\..\..\..\Core\Device\NXP\LPC43xx\Source\Templates\A
RM\startup_LPC43xx_M0.s
   Uses
      At line 56 in file ..\..\..\..\Core\Device\NXP\LPC43xx\Source\Templates\A
RM\startup_LPC43xx_M0.s
      At line 217 in file ..\..\..\..\Core\Device\NXP\LPC43xx\Source\Templates\
ARM\startup_LPC43xx_M0.s

3 symbols



ARM Macro Assembler    Page 1 Alphabetic symbol ordering
Relocatable symbols

HEAP 00000000

Symbol: HEAP
   Definitions
      At line 41 in file ..\..\..\..\Core\Device\NXP\LPC43xx\Source\Templates\A
RM\startup_LPC43xx_M0.s
   Uses
      None
Comment: HEAP unused
Heap_Mem 00000000

Symbol: Heap_Mem
   Definitions
      At line 43 in file ..\..\..\..\Core\Device\NXP\LPC43xx\Source\Templates\A
RM\startup_LPC43xx_M0.s
   Uses
      None
Comment: Heap_Mem unused
__heap_base 00000000

Symbol: __heap_base
   Definitions
      At line 42 in file ..\..\..\..\Core\Device\NXP\LPC43xx\Source\Templates\A
RM\startup_LPC43xx_M0.s
   Uses
      At line 218 in file ..\..\..\..\Core\Device\NXP\LPC43xx\Source\Templates\
ARM\startup_LPC43xx_M0.s
Comment: __heap_base used once
__heap_limit 00000000

Symbol: __heap_limit
   Definitions
      At line 44 in file ..\..\..\..\Core\Device\NXP\LPC43xx\Source\Templates\A
RM\startup_LPC43xx_M0.s
   Uses
      At line 219 in file ..\..\..\..\Core\Device\NXP\LPC43xx\Source\Templates\
ARM\startup_LPC43xx_M0.s
Comment: __heap_limit used once
4 symbols



ARM Macro Assembler    Page 1 Alphabetic symbol ordering
Relocatable symbols

RESET 00000000

Symbol: RESET
   Definitions
      At line 51 in file ..\..\..\..\Core\Device\NXP\LPC43xx\Source\Templates\A
RM\startup_LPC43xx_M0.s
   Uses
      None
Comment: RESET unused
__Vectors 00000000

Symbol: __Vectors
   Definitions
      At line 56 in file ..\..\..\..\Core\Device\NXP\LPC43xx\Source\Templates\A
RM\startup_LPC43xx_M0.s
   Uses
      At line 52 in file ..\..\..\..\Core\Device\NXP\LPC43xx\Source\Templates\A
RM\startup_LPC43xx_M0.s
Comment: __Vectors used once
2 symbols



ARM Macro Assembler    Page 1 Alphabetic symbol ordering
Relocatable symbols

.text 00000000

Symbol: .text
   Definitions
      At line 110 in file ..\..\..\..\Core\Device\NXP\LPC43xx\Source\Templates\
ARM\startup_LPC43xx_M0.s
   Uses
      None
Comment: .text unused
M0_ADC0_IRQHandler 00000010

Symbol: M0_ADC0_IRQHandler
   Definitions
      At line 194 in file ..\..\..\..\Core\Device\NXP\LPC43xx\Source\Templates\
ARM\startup_LPC43xx_M0.s
   Uses
      At line 92 in file ..\..\..\..\Core\Device\NXP\LPC43xx\Source\Templates\A
RM\startup_LPC43xx_M0.s
      At line 166 in file ..\..\..\..\Core\Device\NXP\LPC43xx\Source\Templates\
ARM\startup_LPC43xx_M0.s

M0_ADC1_IRQHandler 00000010

Symbol: M0_ADC1_IRQHandler
   Definitions
      At line 198 in file ..\..\..\..\Core\Device\NXP\LPC43xx\Source\Templates\
ARM\startup_LPC43xx_M0.s
   Uses
      At line 96 in file ..\..\..\..\Core\Device\NXP\LPC43xx\Source\Templates\A
RM\startup_LPC43xx_M0.s
      At line 170 in file ..\..\..\..\Core\Device\NXP\LPC43xx\Source\Templates\
ARM\startup_LPC43xx_M0.s

M0_C_CAN0_IRQHandler 00000010

Symbol: M0_C_CAN0_IRQHandler
   Definitions
      At line 205 in file ..\..\..\..\Core\Device\NXP\LPC43xx\Source\Templates\
ARM\startup_LPC43xx_M0.s
   Uses
      At line 103 in file ..\..\..\..\Core\Device\NXP\LPC43xx\Source\Templates\
ARM\startup_LPC43xx_M0.s
      At line 177 in file ..\..\..\..\Core\Device\NXP\LPC43xx\Source\Templates\
ARM\startup_LPC43xx_M0.s

M0_DMA_IRQHandler 00000010

Symbol: M0_DMA_IRQHandler
   Definitions
      At line 182 in file ..\..\..\..\Core\Device\NXP\LPC43xx\Source\Templates\
ARM\startup_LPC43xx_M0.s
   Uses
      At line 76 in file ..\..\..\..\Core\Device\NXP\LPC43xx\Source\Templates\A
RM\startup_LPC43xx_M0.s
      At line 154 in file ..\..\..\..\Core\Device\NXP\LPC43xx\Source\Templates\
ARM\startup_LPC43xx_M0.s

M0_DebugMon_Handler 0000000A




ARM Macro Assembler    Page 2 Alphabetic symbol ordering
Relocatable symbols

Symbol: M0_DebugMon_Handler
   Definitions
      At line 137 in file ..\..\..\..\Core\Device\NXP\LPC43xx\Source\Templates\
ARM\startup_LPC43xx_M0.s
   Uses
      At line 68 in file ..\..\..\..\Core\Device\NXP\LPC43xx\Source\Templates\A
RM\startup_LPC43xx_M0.s
      At line 138 in file ..\..\..\..\Core\Device\NXP\LPC43xx\Source\Templates\
ARM\startup_LPC43xx_M0.s

M0_Default_Handler 00000010

Symbol: M0_Default_Handler
   Definitions
      At line 150 in file ..\..\..\..\Core\Device\NXP\LPC43xx\Source\Templates\
ARM\startup_LPC43xx_M0.s
   Uses
      None
Comment: M0_Default_Handler unused
M0_ETH_IRQHandler 00000010

Symbol: M0_ETH_IRQHandler
   Definitions
      At line 183 in file ..\..\..\..\Core\Device\NXP\LPC43xx\Source\Templates\
ARM\startup_LPC43xx_M0.s
   Uses
      At line 79 in file ..\..\..\..\Core\Device\NXP\LPC43xx\Source\Templates\A
RM\startup_LPC43xx_M0.s
      At line 155 in file ..\..\..\..\Core\Device\NXP\LPC43xx\Source\Templates\
ARM\startup_LPC43xx_M0.s

M0_EVENTROUTER_IRQHandler 00000010

Symbol: M0_EVENTROUTER_IRQHandler
   Definitions
      At line 200 in file ..\..\..\..\Core\Device\NXP\LPC43xx\Source\Templates\
ARM\startup_LPC43xx_M0.s
   Uses
      At line 98 in file ..\..\..\..\Core\Device\NXP\LPC43xx\Source\Templates\A
RM\startup_LPC43xx_M0.s
      At line 172 in file ..\..\..\..\Core\Device\NXP\LPC43xx\Source\Templates\
ARM\startup_LPC43xx_M0.s

M0_GINT1_IRQHandler 00000010

Symbol: M0_GINT1_IRQHandler
   Definitions
      At line 191 in file ..\..\..\..\Core\Device\NXP\LPC43xx\Source\Templates\
ARM\startup_LPC43xx_M0.s
   Uses
      At line 87 in file ..\..\..\..\Core\Device\NXP\LPC43xx\Source\Templates\A
RM\startup_LPC43xx_M0.s
      At line 163 in file ..\..\..\..\Core\Device\NXP\LPC43xx\Source\Templates\
ARM\startup_LPC43xx_M0.s

M0_HardFault_Handler 00000006

Symbol: M0_HardFault_Handler
   Definitions



ARM Macro Assembler    Page 3 Alphabetic symbol ordering
Relocatable symbols

      At line 128 in file ..\..\..\..\Core\Device\NXP\LPC43xx\Source\Templates\
ARM\startup_LPC43xx_M0.s
   Uses
      At line 59 in file ..\..\..\..\Core\Device\NXP\LPC43xx\Source\Templates\A
RM\startup_LPC43xx_M0.s
      At line 129 in file ..\..\..\..\Core\Device\NXP\LPC43xx\Source\Templates\
ARM\startup_LPC43xx_M0.s

M0_I2C0_OR_I2C1_IRQHandler 00000010

Symbol: M0_I2C0_OR_I2C1_IRQHandler
   Definitions
      At line 195 in file ..\..\..\..\Core\Device\NXP\LPC43xx\Source\Templates\
ARM\startup_LPC43xx_M0.s
   Uses
      At line 93 in file ..\..\..\..\Core\Device\NXP\LPC43xx\Source\Templates\A
RM\startup_LPC43xx_M0.s
      At line 167 in file ..\..\..\..\Core\Device\NXP\LPC43xx\Source\Templates\
ARM\startup_LPC43xx_M0.s

M0_I2S0_OR_I2S1_OR_QEI_IRQHandler 00000010

Symbol: M0_I2S0_OR_I2S1_OR_QEI_IRQHandler
   Definitions
      At line 204 in file ..\..\..\..\Core\Device\NXP\LPC43xx\Source\Templates\
ARM\startup_LPC43xx_M0.s
   Uses
      At line 102 in file ..\..\..\..\Core\Device\NXP\LPC43xx\Source\Templates\
ARM\startup_LPC43xx_M0.s
      At line 176 in file ..\..\..\..\Core\Device\NXP\LPC43xx\Source\Templates\
ARM\startup_LPC43xx_M0.s

M0_LCD_IRQHandler 00000010

Symbol: M0_LCD_IRQHandler
   Definitions
      At line 185 in file ..\..\..\..\Core\Device\NXP\LPC43xx\Source\Templates\
ARM\startup_LPC43xx_M0.s
   Uses
      At line 81 in file ..\..\..\..\Core\Device\NXP\LPC43xx\Source\Templates\A
RM\startup_LPC43xx_M0.s
      At line 157 in file ..\..\..\..\Core\Device\NXP\LPC43xx\Source\Templates\
ARM\startup_LPC43xx_M0.s

M0_M4CORE_IRQHandler 00000010

Symbol: M0_M4CORE_IRQHandler
   Definitions
      At line 181 in file ..\..\..\..\Core\Device\NXP\LPC43xx\Source\Templates\
ARM\startup_LPC43xx_M0.s
   Uses
      At line 75 in file ..\..\..\..\Core\Device\NXP\LPC43xx\Source\Templates\A
RM\startup_LPC43xx_M0.s
      At line 153 in file ..\..\..\..\Core\Device\NXP\LPC43xx\Source\Templates\
ARM\startup_LPC43xx_M0.s

M0_MCPWM_IRQHandler 00000010

Symbol: M0_MCPWM_IRQHandler



ARM Macro Assembler    Page 4 Alphabetic symbol ordering
Relocatable symbols

   Definitions
      At line 193 in file ..\..\..\..\Core\Device\NXP\LPC43xx\Source\Templates\
ARM\startup_LPC43xx_M0.s
   Uses
      At line 91 in file ..\..\..\..\Core\Device\NXP\LPC43xx\Source\Templates\A
RM\startup_LPC43xx_M0.s
      At line 165 in file ..\..\..\..\Core\Device\NXP\LPC43xx\Source\Templates\
ARM\startup_LPC43xx_M0.s

M0_NMI_Handler 00000004

Symbol: M0_NMI_Handler
   Definitions
      At line 123 in file ..\..\..\..\Core\Device\NXP\LPC43xx\Source\Templates\
ARM\startup_LPC43xx_M0.s
   Uses
      At line 58 in file ..\..\..\..\Core\Device\NXP\LPC43xx\Source\Templates\A
RM\startup_LPC43xx_M0.s
      At line 124 in file ..\..\..\..\Core\Device\NXP\LPC43xx\Source\Templates\
ARM\startup_LPC43xx_M0.s

M0_PendSV_Handler 0000000C

Symbol: M0_PendSV_Handler
   Definitions
      At line 141 in file ..\..\..\..\Core\Device\NXP\LPC43xx\Source\Templates\
ARM\startup_LPC43xx_M0.s
   Uses
      At line 70 in file ..\..\..\..\Core\Device\NXP\LPC43xx\Source\Templates\A
RM\startup_LPC43xx_M0.s
      At line 142 in file ..\..\..\..\Core\Device\NXP\LPC43xx\Source\Templates\
ARM\startup_LPC43xx_M0.s

M0_RIT_OR_WWDT_IRQHandler 00000010

Symbol: M0_RIT_OR_WWDT_IRQHandler
   Definitions
      At line 189 in file ..\..\..\..\Core\Device\NXP\LPC43xx\Source\Templates\
ARM\startup_LPC43xx_M0.s
   Uses
      At line 85 in file ..\..\..\..\Core\Device\NXP\LPC43xx\Source\Templates\A
RM\startup_LPC43xx_M0.s
      At line 161 in file ..\..\..\..\Core\Device\NXP\LPC43xx\Source\Templates\
ARM\startup_LPC43xx_M0.s

M0_RTC_IRQHandler 00000010

Symbol: M0_RTC_IRQHandler
   Definitions
      At line 180 in file ..\..\..\..\Core\Device\NXP\LPC43xx\Source\Templates\
ARM\startup_LPC43xx_M0.s
   Uses
      At line 74 in file ..\..\..\..\Core\Device\NXP\LPC43xx\Source\Templates\A
RM\startup_LPC43xx_M0.s
      At line 152 in file ..\..\..\..\Core\Device\NXP\LPC43xx\Source\Templates\
ARM\startup_LPC43xx_M0.s

M0_Reset_Handler 00000000




ARM Macro Assembler    Page 5 Alphabetic symbol ordering
Relocatable symbols

Symbol: M0_Reset_Handler
   Definitions
      At line 114 in file ..\..\..\..\Core\Device\NXP\LPC43xx\Source\Templates\
ARM\startup_LPC43xx_M0.s
   Uses
      At line 57 in file ..\..\..\..\Core\Device\NXP\LPC43xx\Source\Templates\A
RM\startup_LPC43xx_M0.s
      At line 115 in file ..\..\..\..\Core\Device\NXP\LPC43xx\Source\Templates\
ARM\startup_LPC43xx_M0.s

M0_SCT_IRQHandler 00000010

Symbol: M0_SCT_IRQHandler
   Definitions
      At line 188 in file ..\..\..\..\Core\Device\NXP\LPC43xx\Source\Templates\
ARM\startup_LPC43xx_M0.s
   Uses
      At line 84 in file ..\..\..\..\Core\Device\NXP\LPC43xx\Source\Templates\A
RM\startup_LPC43xx_M0.s
      At line 160 in file ..\..\..\..\Core\Device\NXP\LPC43xx\Source\Templates\
ARM\startup_LPC43xx_M0.s

M0_SDIO_IRQHandler 00000010

Symbol: M0_SDIO_IRQHandler
   Definitions
      At line 184 in file ..\..\..\..\Core\Device\NXP\LPC43xx\Source\Templates\
ARM\startup_LPC43xx_M0.s
   Uses
      At line 80 in file ..\..\..\..\Core\Device\NXP\LPC43xx\Source\Templates\A
RM\startup_LPC43xx_M0.s
      At line 156 in file ..\..\..\..\Core\Device\NXP\LPC43xx\Source\Templates\
ARM\startup_LPC43xx_M0.s

M0_SGPIO_IRQHandler 00000010

Symbol: M0_SGPIO_IRQHandler
   Definitions
      At line 196 in file ..\..\..\..\Core\Device\NXP\LPC43xx\Source\Templates\
ARM\startup_LPC43xx_M0.s
   Uses
      At line 94 in file ..\..\..\..\Core\Device\NXP\LPC43xx\Source\Templates\A
RM\startup_LPC43xx_M0.s
      At line 168 in file ..\..\..\..\Core\Device\NXP\LPC43xx\Source\Templates\
ARM\startup_LPC43xx_M0.s

M0_SPI_OR_DAC_IRQHandler 00000010

Symbol: M0_SPI_OR_DAC_IRQHandler
   Definitions
      At line 197 in file ..\..\..\..\Core\Device\NXP\LPC43xx\Source\Templates\
ARM\startup_LPC43xx_M0.s
   Uses
      At line 95 in file ..\..\..\..\Core\Device\NXP\LPC43xx\Source\Templates\A
RM\startup_LPC43xx_M0.s
      At line 169 in file ..\..\..\..\Core\Device\NXP\LPC43xx\Source\Templates\
ARM\startup_LPC43xx_M0.s

M0_SSP0_OR_SSP1_IRQHandler 00000010



ARM Macro Assembler    Page 6 Alphabetic symbol ordering
Relocatable symbols


Symbol: M0_SSP0_OR_SSP1_IRQHandler
   Definitions
      At line 199 in file ..\..\..\..\Core\Device\NXP\LPC43xx\Source\Templates\
ARM\startup_LPC43xx_M0.s
   Uses
      At line 97 in file ..\..\..\..\Core\Device\NXP\LPC43xx\Source\Templates\A
RM\startup_LPC43xx_M0.s
      At line 171 in file ..\..\..\..\Core\Device\NXP\LPC43xx\Source\Templates\
ARM\startup_LPC43xx_M0.s

M0_SVC_Handler 00000008

Symbol: M0_SVC_Handler
   Definitions
      At line 132 in file ..\..\..\..\Core\Device\NXP\LPC43xx\Source\Templates\
ARM\startup_LPC43xx_M0.s
   Uses
      At line 67 in file ..\..\..\..\Core\Device\NXP\LPC43xx\Source\Templates\A
RM\startup_LPC43xx_M0.s
      At line 133 in file ..\..\..\..\Core\Device\NXP\LPC43xx\Source\Templates\
ARM\startup_LPC43xx_M0.s

M0_SysTick_Handler 0000000E

Symbol: M0_SysTick_Handler
   Definitions
      At line 145 in file ..\..\..\..\Core\Device\NXP\LPC43xx\Source\Templates\
ARM\startup_LPC43xx_M0.s
   Uses
      At line 71 in file ..\..\..\..\Core\Device\NXP\LPC43xx\Source\Templates\A
RM\startup_LPC43xx_M0.s
      At line 146 in file ..\..\..\..\Core\Device\NXP\LPC43xx\Source\Templates\
ARM\startup_LPC43xx_M0.s

M0_TIMER0_IRQHandler 00000010

Symbol: M0_TIMER0_IRQHandler
   Definitions
      At line 190 in file ..\..\..\..\Core\Device\NXP\LPC43xx\Source\Templates\
ARM\startup_LPC43xx_M0.s
   Uses
      At line 86 in file ..\..\..\..\Core\Device\NXP\LPC43xx\Source\Templates\A
RM\startup_LPC43xx_M0.s
      At line 162 in file ..\..\..\..\Core\Device\NXP\LPC43xx\Source\Templates\
ARM\startup_LPC43xx_M0.s

M0_TIMER3_IRQHandler 00000010

Symbol: M0_TIMER3_IRQHandler
   Definitions
      At line 192 in file ..\..\..\..\Core\Device\NXP\LPC43xx\Source\Templates\
ARM\startup_LPC43xx_M0.s
   Uses
      At line 88 in file ..\..\..\..\Core\Device\NXP\LPC43xx\Source\Templates\A
RM\startup_LPC43xx_M0.s
      At line 164 in file ..\..\..\..\Core\Device\NXP\LPC43xx\Source\Templates\
ARM\startup_LPC43xx_M0.s




ARM Macro Assembler    Page 7 Alphabetic symbol ordering
Relocatable symbols

M0_USART0_IRQHandler 00000010

Symbol: M0_USART0_IRQHandler
   Definitions
      At line 201 in file ..\..\..\..\Core\Device\NXP\LPC43xx\Source\Templates\
ARM\startup_LPC43xx_M0.s
   Uses
      At line 99 in file ..\..\..\..\Core\Device\NXP\LPC43xx\Source\Templates\A
RM\startup_LPC43xx_M0.s
      At line 173 in file ..\..\..\..\Core\Device\NXP\LPC43xx\Source\Templates\
ARM\startup_LPC43xx_M0.s

M0_USART2_OR_C_CAN1_IRQHandler 00000010

Symbol: M0_USART2_OR_C_CAN1_IRQHandler
   Definitions
      At line 202 in file ..\..\..\..\Core\Device\NXP\LPC43xx\Source\Templates\
ARM\startup_LPC43xx_M0.s
   Uses
      At line 100 in file ..\..\..\..\Core\Device\NXP\LPC43xx\Source\Templates\
ARM\startup_LPC43xx_M0.s
      At line 174 in file ..\..\..\..\Core\Device\NXP\LPC43xx\Source\Templates\
ARM\startup_LPC43xx_M0.s

M0_USART3_IRQHandler 00000010

Symbol: M0_USART3_IRQHandler
   Definitions
      At line 203 in file ..\..\..\..\Core\Device\NXP\LPC43xx\Source\Templates\
ARM\startup_LPC43xx_M0.s
   Uses
      At line 101 in file ..\..\..\..\Core\Device\NXP\LPC43xx\Source\Templates\
ARM\startup_LPC43xx_M0.s
      At line 175 in file ..\..\..\..\Core\Device\NXP\LPC43xx\Source\Templates\
ARM\startup_LPC43xx_M0.s

M0_USB0_IRQHandler 00000010

Symbol: M0_USB0_IRQHandler
   Definitions
      At line 186 in file ..\..\..\..\Core\Device\NXP\LPC43xx\Source\Templates\
ARM\startup_LPC43xx_M0.s
   Uses
      At line 82 in file ..\..\..\..\Core\Device\NXP\LPC43xx\Source\Templates\A
RM\startup_LPC43xx_M0.s
      At line 158 in file ..\..\..\..\Core\Device\NXP\LPC43xx\Source\Templates\
ARM\startup_LPC43xx_M0.s

M0_USB1_IRQHandler 00000010

Symbol: M0_USB1_IRQHandler
   Definitions
      At line 187 in file ..\..\..\..\Core\Device\NXP\LPC43xx\Source\Templates\
ARM\startup_LPC43xx_M0.s
   Uses
      At line 83 in file ..\..\..\..\Core\Device\NXP\LPC43xx\Source\Templates\A
RM\startup_LPC43xx_M0.s
      At line 159 in file ..\..\..\..\Core\Device\NXP\LPC43xx\Source\Templates\
ARM\startup_LPC43xx_M0.s



ARM Macro Assembler    Page 8 Alphabetic symbol ordering
Relocatable symbols


getPC 00000018

Symbol: getPC
   Definitions
      At line 238 in file ..\..\..\..\Core\Device\NXP\LPC43xx\Source\Templates\
ARM\startup_LPC43xx_M0.s
   Uses
      At line 239 in file ..\..\..\..\Core\Device\NXP\LPC43xx\Source\Templates\
ARM\startup_LPC43xx_M0.s
Comment: getPC used once
36 symbols



ARM Macro Assembler    Page 1 Alphabetic symbol ordering
Absolute symbols

Heap_Size 00000000

Symbol: Heap_Size
   Definitions
      At line 39 in file ..\..\..\..\Core\Device\NXP\LPC43xx\Source\Templates\A
RM\startup_LPC43xx_M0.s
   Uses
      At line 43 in file ..\..\..\..\Core\Device\NXP\LPC43xx\Source\Templates\A
RM\startup_LPC43xx_M0.s
Comment: Heap_Size used once
Sign_Value 5A5A5A5A

Symbol: Sign_Value
   Definitions
      At line 54 in file ..\..\..\..\Core\Device\NXP\LPC43xx\Source\Templates\A
RM\startup_LPC43xx_M0.s
   Uses
      None
Comment: Sign_Value unused
Stack_Size 00000200

Symbol: Stack_Size
   Definitions
      At line 29 in file ..\..\..\..\Core\Device\NXP\LPC43xx\Source\Templates\A
RM\startup_LPC43xx_M0.s
   Uses
      At line 32 in file ..\..\..\..\Core\Device\NXP\LPC43xx\Source\Templates\A
RM\startup_LPC43xx_M0.s
Comment: Stack_Size used once
3 symbols



ARM Macro Assembler    Page 1 Alphabetic symbol ordering
External symbols

__main 00000000

Symbol: __main
   Definitions
      At line 116 in file ..\..\..\..\Core\Device\NXP\LPC43xx\Source\Templates\
ARM\startup_LPC43xx_M0.s
   Uses
      At line 117 in file ..\..\..\..\Core\Device\NXP\LPC43xx\Source\Templates\
ARM\startup_LPC43xx_M0.s
Comment: __main used once
1 symbol
384 symbols in table
